<?xml version="1.0" encoding="utf-8"?><testsuites name="pytest tests"><testsuite name="pytest" errors="0" failures="0" skipped="0" tests="11" time="17.141" timestamp="2026-07-16T05:49:38.774976+00:00" hostname="agent-env-117fa4b8-3e3f-4a64-883b-0c99883566e1"><testcase classname="tests.test_iteration3" name="test_offers_are_14_real_brand_deals" time="0.431" /><testcase classname="tests.test_iteration3" name="test_register_creates_unverified_user_with_otp" time="1.197" /><testcase classname="tests.test_iteration3" name="test_verify_otp_wrong_returns_400" time="1.254" /><testcase classname="tests.test_iteration3" name="test_verify_otp_correct_marks_verified" time="1.195" /><testcase classname="tests.test_iteration3" name="test_send_otp_throttle_429" time="1.033" /><testcase classname="tests.test_iteration3" name="test_send_otp_after_delay_would_succeed_by_deleting_last" time="1.589" /><testcase classname="tests.test_iteration3" name="test_unverified_cannot_submit_verification" time="1.133" /><testcase classname="tests.test_iteration3" name="test_unverified_cannot_claim_offer" time="1.386" /><testcase classname="tests.test_iteration3" name="test_verification_optional_images_auto_approves" time="1.532" /><testcase classname="tests.test_iteration3" name="test_brand_offer_claim_succeeds_after_full_verification" time="2.877" /><testcase classname="tests.test_iteration3" name="test_admin_bypasses_email_gate" time="1.270" /></testsuite></testsuites>