<?xml version="1.0" encoding="utf-8"?><testsuites name="pytest tests"><testsuite name="pytest" errors="0" failures="0" skipped="1" tests="7" time="67.230" timestamp="2026-07-16T06:00:50.518954+00:00" hostname="agent-env-117fa4b8-3e3f-4a64-883b-0c99883566e1"><testcase classname="tests.test_otp_fallback.TestOtpFallback" name="test_register_returns_dev_otp_when_resend_rejects" time="1.353" /><testcase classname="tests.test_otp_fallback.TestRegression" name="test_admin_login" time="0.668" /><testcase classname="tests.test_otp_fallback.TestRegression" name="test_offers_list_has_14_with_brand_url" time="0.696" /><testcase classname="tests.test_otp_fallback.TestOtpFallback" name="test_verify_otp_success_with_dev_otp" time="0.078" /><testcase classname="tests.test_otp_fallback.TestRegression" name="test_claim_forbidden_for_unverified" time="1.516" /><testcase classname="tests.test_otp_fallback.TestOtpFallback" name="test_send_otp_throttled_then_dev_otp" time="63.856" /><testcase classname="tests.test_otp_fallback.TestRegression" name="test_scan_lookup_and_redeem_flow" time="0.576"><skipped type="pytest.skip" message="No admin coupons endpoint or no coupons to test scan flow">/app/backend/tests/test_otp_fallback.py:115: No admin coupons endpoint or no coupons to test scan flow</skipped></testcase></testsuite></testsuites>