<?xml version="1.0" encoding="utf-8"?><testsuites name="pytest tests"><testsuite name="pytest" errors="0" failures="0" skipped="0" tests="10" time="3.668" timestamp="2026-07-17T17:28:53.589626+00:00" hostname="agent-env-117fa4b8-3e3f-4a64-883b-0c99883566e1"><testcase classname="tests.test_qr_url_scan" name="test_student_card_qr_is_url" time="1.605" /><testcase classname="tests.test_qr_url_scan" name="test_claim_coupon_qr_is_url" time="1.292" /><testcase classname="tests.test_qr_url_scan" name="test_scan_lookup_url_coupon" time="0.073" /><testcase classname="tests.test_qr_url_scan" name="test_scan_lookup_url_student" time="0.083" /><testcase classname="tests.test_qr_url_scan" name="test_backward_compat_raw_coupon_code" time="0.071" /><testcase classname="tests.test_qr_url_scan" name="test_backward_compat_raw_student_number" time="0.064" /><testcase classname="tests.test_qr_url_scan" name="test_backward_compat_pipe_coupon" time="0.070" /><testcase classname="tests.test_qr_url_scan" name="test_backward_compat_pipe_student" time="0.081" /><testcase classname="tests.test_qr_url_scan" name="test_startup_migration_log" time="0.001" /><testcase classname="tests.test_qr_url_scan" name="test_active_coupons_all_have_url_qr" time="0.075" /></testsuite></testsuites>